INFO	2021-07-29 11:35:28,862	0	BankApp	[main]	Welcome to the Baning App
INFO	2021-07-29 11:35:31,248	2386	BankApp	[main]	You are going to login
INFO	2021-07-29 11:36:49,367	0	BankApp	[main]	Welcome to the Baning App
INFO	2021-07-29 11:36:51,391	2024	BankApp	[main]	You are going to login
INFO	2021-07-29 11:37:44,690	0	BankApp	[main]	Welcome to the Baning App
INFO	2021-07-29 11:37:46,488	1798	BankApp	[main]	You are going to login
INFO	2021-07-29 11:37:58,205	0	BankApp	[main]	Welcome to the Baning App
INFO	2021-07-29 11:38:00,410	2205	BankApp	[main]	You are going to login
INFO	2021-07-29 12:15:20,708	0	BankApp	[main]	Welcome to the Baning App
INFO	2021-07-29 12:15:22,330	1622	BankApp	[main]	You are going to login page
INFO	2021-07-29 12:17:45,481	0	BankApp	[main]	Welcome to the Baning App
INFO	2021-07-29 12:17:46,911	1430	BankApp	[main]	You are going to login page
INFO	2021-07-29 12:21:22,305	0	BankApp	[main]	Welcome to the Baning App
INFO	2021-07-29 12:21:23,478	1173	BankApp	[main]	You are going to login page
INFO	2021-07-29 12:22:04,059	0	BankApp	[main]	Welcome to the Baning App
INFO	2021-07-29 12:22:05,685	1626	BankApp	[main]	You are going to login page
INFO	2021-07-29 12:33:40,604	0	BankApp	[main]	Welcome to the Baning App
INFO	2021-07-29 12:33:42,500	1896	BankApp	[main]	You are going to login page
INFO	2021-07-29 12:33:46,480	5876	BankApp	[main]	WelcomeharithaYou logged in Successfully
INFO	2021-07-29 12:33:53,925	13321	BankApp	[main]	WelcomeharithaYou logged in Successfully
INFO	2021-07-29 12:34:56,483	0	BankApp	[main]	Welcome to the Baning App
INFO	2021-07-29 12:34:57,305	822	BankApp	[main]	You are going to login page
INFO	2021-07-29 12:35:00,621	4138	BankApp	[main]	WelcomeharithaYou logged in Successfully
INFO	2021-07-29 12:35:08,330	11847	BankApp	[main]	WelcomeharithaYou logged in Successfully
INFO	2021-07-29 12:36:20,203	0	BankApp	[main]	Welcome to the Baning App
INFO	2021-07-29 12:36:22,431	2228	BankApp	[main]	You are going to login page
INFO	2021-07-29 12:36:27,440	7237	BankApp	[main]	WelcomeharithaYou logged in Successfully
INFO	2021-07-29 12:36:31,216	11013	BankApp	[main]	Welcome to the Baning App
INFO	2021-07-29 13:37:40,326	0	BankApp	[main]	Welcome to the Baning App
INFO	2021-07-29 13:37:44,091	3765	BankApp	[main]	You are going to create account
INFO	2021-07-29 13:48:51,048	0	BankApp	[main]	Welcome to the Baning App
INFO	2021-07-29 13:48:55,740	4692	BankApp	[main]	You are going to create account
INFO	2021-07-29 13:50:50,311	0	BankApp	[main]	Welcome to the Baning App
INFO	2021-07-29 13:50:54,751	4440	BankApp	[main]	You are going to create account
INFO	2021-07-29 13:51:20,082	29771	BankApp	[main]	Welcome to the Baning App
INFO	2021-07-29 13:51:24,275	33964	BankApp	[main]	You are going to create account
INFO	2021-07-29 13:51:55,259	64948	BankApp	[main]	Welcome to the Baning App
INFO	2021-07-29 13:52:04,695	74384	BankApp	[main]	You are going to create account
INFO	2021-07-29 13:52:35,526	105215	BankApp	[main]	Welcome to the Baning App
INFO	2021-07-29 13:52:40,791	110480	BankApp	[main]	You are going to create account
INFO	2021-07-29 13:53:09,677	139366	BankApp	[main]	Welcome to the Baning App
INFO	2021-07-29 13:53:13,424	143113	BankApp	[main]	Welcome to the Baning App
INFO	2021-07-29 13:53:17,150	146839	BankApp	[main]	You are going to create account
INFO	2021-07-29 13:53:41,666	171355	BankApp	[main]	Welcome to the Baning App
INFO	2021-07-29 13:53:48,101	177790	BankApp	[main]	You are going to login page
INFO	2021-07-29 13:55:16,912	0	BankApp	[main]	Welcome to the Baning App
INFO	2021-07-29 13:55:18,720	1808	BankApp	[main]	You are going to login page
INFO	2021-07-29 13:55:28,233	11321	BankApp	[main]	Welcome to the Baning App
INFO	2021-07-29 13:55:30,567	13655	BankApp	[main]	You are going to create account
INFO	2021-07-29 13:55:56,548	39636	UserImplementation	[main]	Your account with account Number : 78364 is created successfully.
INFO	2021-07-29 13:55:56,549	39637	BankApp	[main]	Welcome to the Baning App
INFO	2021-07-29 13:56:14,114	57202	BankApp	[main]	You are going to create account
INFO	2021-07-29 13:56:49,682	92770	UserImplementation	[main]	Your account with account Number : 79194 is created successfully.
INFO	2021-07-29 13:56:49,682	92770	BankApp	[main]	Welcome to the Baning App
INFO	2021-07-29 13:56:52,939	96027	BankApp	[main]	You are going to create account
INFO	2021-07-29 13:57:19,336	122424	UserImplementation	[main]	Your account with account Number : 14856 is created successfully.
INFO	2021-07-29 13:57:19,337	122425	BankApp	[main]	Welcome to the Baning App
INFO	2021-07-29 13:57:20,697	123785	BankApp	[main]	You are going to create account
INFO	2021-07-29 13:57:46,902	149990	UserImplementation	[main]	Your account with account Number : 93378 is created successfully.
INFO	2021-07-29 13:57:46,902	149990	BankApp	[main]	Welcome to the Baning App
INFO	2021-07-29 14:01:27,257	370345	BankApp	[main]	You are going to create account
INFO	2021-07-29 14:02:05,461	408549	UserImplementation	[main]	Your account with account Number : 45759 is created successfully.
INFO	2021-07-29 14:02:05,461	408549	BankApp	[main]	Welcome to the Baning App
INFO	2021-07-29 14:02:11,451	414539	BankApp	[main]	You are going to login page
INFO	2021-07-29 14:02:31,264	434352	BankApp	[main]	Welcome Hema, You logged in Successfully
INFO	2021-07-29 14:02:59,605	462693	BankApp	[main]	Your account with accountnumber: 45759is updated successfully
INFO	2021-07-29 14:03:14,105	477193	UserImplementation	[main]	Your have deposited  Rs:5000 into your account number 45759 successfully
INFO	2021-07-29 14:03:21,158	484246	BankApp	[main]	Your Account Balance is  Rs:5000
INFO	2021-07-29 14:03:24,938	488026	BankApp	[main]	Welcome to the Baning App
INFO	2021-07-29 14:03:38,289	501377	BankApp	[main]	You are going to login page
INFO	2021-07-29 14:04:38,402	561490	BankApp	[main]	Welcome to the Baning App
INFO	2021-07-29 14:04:41,604	564692	BankApp	[main]	You are going to login page
INFO	2021-07-29 14:07:39,079	0	BankApp	[main]	Welcome to the Baning App
INFO	2021-07-29 14:07:49,876	10797	BankApp	[main]	You are going to create account
INFO	2021-07-29 14:10:46,827	0	BankApp	[main]	Welcome to the Baning App
INFO	2021-07-29 14:10:49,623	2796	BankApp	[main]	You are going to create account
INFO	2021-07-29 14:11:16,162	29335	BankApp	[main]	Welcome to the Baning App
INFO	2021-07-29 14:11:22,326	35499	BankApp	[main]	You are going to create account
INFO	2021-07-29 14:11:35,619	48792	UserImplementation	[main]	Your account with account Number : 82477 is created successfully.
INFO	2021-07-29 14:11:35,619	48792	BankApp	[main]	Welcome to the Baning App
INFO	2021-07-29 14:49:32,188	0	BankApp	[main]	Welcome to the Baning App
INFO	2021-07-29 14:50:39,051	1	BankApp	[main]	Welcome to the HSKP Banking App
INFO	2021-07-29 14:51:14,940	0	BankApp	[main]	Welcome to the HSKP Banking App
INFO	2021-07-29 14:51:29,442	0	BankApp	[main]	Welcome to the HSKP Banking App
INFO	2021-07-29 14:51:54,606	0	BankApp	[main]	
Welcome to the HSKP Banking App
INFO	2021-07-29 14:57:15,426	0	BankApp	[main]	
Welcome to the HSKP Banking App
INFO	2021-07-29 14:57:17,259	1833	BankApp	[main]	You are going to create account
INFO	2021-07-29 14:57:46,826	31400	UserImplementation	[main]	Your account with account Number : 60460 is created successfully.
INFO	2021-07-29 14:57:46,827	31401	BankApp	[main]	
Welcome to the HSKP Banking App
INFO	2021-07-29 14:59:05,607	0	UserImplementation	[main]	Your account with account Number : -1 is created successfully.
INFO	2021-07-29 14:59:05,612	5	UserImplementation	[main]	Your account with account Number : -1 is successfully deleted.
INFO	2021-07-29 14:59:05,902	295	UserImplementation	[main]	Your account with account Number : -1 is created successfully.
INFO	2021-07-29 14:59:05,907	300	UserImplementation	[main]	Your account with account Number : -1 is successfully deleted.
INFO	2021-07-29 14:59:06,103	496	UserImplementation	[main]	Your account with account Number : -1 is created successfully.
INFO	2021-07-29 14:59:06,108	501	UserImplementation	[main]	Your account with account Number : -1 is successfully deleted.
INFO	2021-07-29 15:18:23,922	0	UserImplementation	[main]	Your account with account Number : -1 is created successfully.
INFO	2021-07-29 15:18:23,926	4	UserImplementation	[main]	Your account with account Number : -1 is successfully deleted.
INFO	2021-07-29 15:18:24,088	166	UserImplementation	[main]	Your account with account Number : -1 is created successfully.
INFO	2021-07-29 15:18:24,093	171	UserImplementation	[main]	Your account with account Number : -1 is successfully deleted.
INFO	2021-07-29 15:18:24,255	333	UserImplementation	[main]	Your account with account Number : -1 is created successfully.
INFO	2021-07-29 15:18:24,261	339	UserImplementation	[main]	Your account with account Number : -1 is successfully deleted.
INFO	2021-07-29 18:35:16,509	0	BankApp	[main]	
Welcome to the HSKP Banking App
INFO	2021-07-29 18:35:18,525	2016	BankApp	[main]	You are going to login page
INFO	2021-07-29 18:39:18,200	241691	BankApp	[main]	Welcome Haritha, You logged in Successfully
WARN	2021-07-29 18:39:29,043	252534	BankApp	[main]	Your balance is Insufficient.
INFO	2021-07-29 18:39:39,234	262725	UserImplementation	[main]	Your have deposited  Rs:10000 into your account number 78364 successfully
INFO	2021-07-29 18:43:11,351	0	BankApp	[main]	
Welcome to the HSKP Banking App
INFO	2021-07-29 18:43:11,856	0	BankApp	[main]	
Welcome to the HSKP Banking App
INFO	2021-07-29 18:43:13,722	1866	BankApp	[main]	You are going to login page
INFO	2021-07-29 18:43:29,571	17715	BankApp	[main]	Welcome Haritha, You logged in Successfully
INFO	2021-07-29 18:43:35,581	23725	UserImplementation	[main]	Your have deposited  Rs:1000 into your account number 78364 successfully
INFO	2021-07-29 18:48:20,779	0	BankApp	[main]	
Welcome to the HSKP Banking App
INFO	2021-07-29 18:48:22,255	1476	BankApp	[main]	You are going to login page
INFO	2021-07-29 18:48:58,910	38131	BankApp	[main]	Welcome Haritha, You logged in Successfully
INFO	2021-07-29 18:49:01,331	40552	BankApp	[main]	Your Account Balance is  Rs:11000
INFO	2021-07-29 18:49:09,088	48309	UserImplementation	[main]	Your have withdrawn  Rs: 500 successfully.
INFO	2021-07-29 18:50:15,972	0	BankApp	[main]	
Welcome to the HSKP Banking App
INFO	2021-07-29 18:52:00,422	104450	BankApp	[main]	You are going to login page
INFO	2021-07-29 18:52:13,063	117091	BankApp	[main]	Welcome Haritha, You logged in Successfully
INFO	2021-07-29 18:52:17,529	121557	UserImplementation	[main]	Your have withdrawn  Rs: 100 successfully.
INFO	2021-07-29 18:52:22,744	126772	UserImplementation	[main]	Your have deposited  Rs:100 into your account number 78364 successfully
INFO	2021-07-29 18:52:41,324	145352	UserImplementation	[main]	Transfering Rs:1000to account Number :45759
INFO	2021-07-29 18:52:42,996	147024	BankApp	[main]	Your Account Balance is  Rs:9500
INFO	2021-07-29 18:56:32,477	0	BankApp	[main]	
Welcome to the HSKP Banking App
INFO	2021-07-29 18:56:34,275	1798	BankApp	[main]	You are going to login page
INFO	2021-07-29 18:56:47,352	14875	BankApp	[main]	Welcome Haritha, You logged in Successfully
INFO	2021-07-29 18:56:49,439	16962	BankApp	[main]	Your Account Balance is  Rs:9500
INFO	2021-07-29 18:57:09,316	36839	UserImplementation	[main]	Transfering Rs:100to account Number :60460
INFO	2021-07-29 20:54:17,029	0	BankApp	[main]	
Welcome to the HSKP Banking App
INFO	2021-07-29 20:54:19,212	2183	BankApp	[main]	You are going to login page
INFO	2021-07-29 20:55:13,802	56773	BankApp	[main]	
Welcome to the HSKP Banking App
INFO	2021-07-29 20:57:13,310	0	BankApp	[main]	
Welcome to the HSKP Banking App
INFO	2021-07-29 20:57:15,233	1923	BankApp	[main]	You are going to login page
INFO	2021-07-29 20:57:23,747	10437	BankApp	[main]	
Welcome to the HSKP Banking App
INFO	2021-07-29 20:58:16,689	0	BankApp	[main]	
Welcome to the HSKP Banking App
INFO	2021-07-29 20:58:18,212	1523	BankApp	[main]	You are going to login page
INFO	2021-07-29 20:58:26,899	10210	BankApp	[main]	
Welcome to the HSKP Banking App
INFO	2021-07-29 21:02:40,115	0	BankApp	[main]	
Welcome to the HSKP Banking App
INFO	2021-07-29 21:02:41,489	1374	BankApp	[main]	You are going to login page
INFO	2021-07-29 21:02:51,054	10939	BankApp	[main]	
Welcome to the HSKP Banking App
INFO	2021-07-29 21:07:05,885	0	BankApp	[main]	
Welcome to the HSKP Banking App
INFO	2021-07-29 21:07:08,730	2845	BankApp	[main]	You are going to create account
INFO	2021-07-29 21:08:42,112	0	BankApp	[main]	
Welcome to the HSKP Banking App
INFO	2021-07-29 21:08:50,841	0	BankApp	[main]	
Welcome to the HSKP Banking App
INFO	2021-07-29 21:09:39,277	48436	BankApp	[main]	You are going to create account
INFO	2021-07-29 21:11:05,837	134996	UserImplementation	[main]	Your account with account Number : 70729 is created successfully.
INFO	2021-07-29 21:11:05,838	134997	BankApp	[main]	
Welcome to the HSKP Banking App
INFO	2021-07-29 21:53:23,008	0	BankApp	[main]	
Welcome to the HSKP Banking App
INFO	2021-07-29 21:53:25,679	2671	BankApp	[main]	You are going to login page
INFO	2021-07-29 21:53:34,363	11355	BankApp	[main]	
Welcome to the HSKP Banking App
INFO	2021-07-29 21:53:37,182	14174	BankApp	[main]	You are going to login page
INFO	2021-07-29 21:53:50,777	27769	BankApp	[main]	
Welcome to the HSKP Banking App
INFO	2021-07-29 21:53:54,970	31962	BankApp	[main]	You are going to login page
INFO	2021-07-29 21:54:41,935	78927	BankApp	[main]	Welcome Haritha, You logged in Successfully
INFO	2021-07-29 21:54:54,923	91915	UserImplementation	[main]	Your have deposited  Rs:1000 into your account number 78364 successfully
INFO	2021-07-29 21:56:38,952	0	BankApp	[main]	
Welcome to the HSKP Banking App
INFO	2021-07-29 21:56:41,167	2215	BankApp	[main]	You are going to login page
INFO	2021-07-29 21:56:49,537	10585	BankApp	[main]	Welcome Haritha, You logged in Successfully
INFO	2021-07-29 21:56:54,638	15686	UserImplementation	[main]	Your have withdrawn  Rs: 100 successfully.
INFO	2021-07-29 21:57:34,579	0	BankApp	[main]	
Welcome to the HSKP Banking App
INFO	2021-07-29 21:57:36,494	1915	BankApp	[main]	You are going to login page
INFO	2021-07-29 21:57:43,312	8733	BankApp	[main]	Welcome Haritha, You logged in Successfully
INFO	2021-07-29 21:57:46,900	12321	UserImplementation	[main]	Your have withdrawn  Rs: 100 successfully.
INFO	2021-07-29 21:57:52,035	17456	UserImplementation	[main]	Your have deposited  Rs:1000 into your account number 78364 successfully
INFO	2021-07-29 21:58:48,886	74307	UserImplementation	[main]	Transfering Rs:1000to account Number :70729
INFO	2021-07-29 21:58:53,176	78597	BankApp	[main]	
Welcome to the HSKP Banking App
INFO	2021-07-29 21:58:54,924	80345	BankApp	[main]	You are going to login page
INFO	2021-07-29 21:59:07,651	93072	BankApp	[main]	
Welcome to the HSKP Banking App
INFO	2021-07-29 22:39:21,203	0	BankApp	[main]	
Welcome to the HSKP Banking App
INFO	2021-07-29 22:39:25,915	4712	BankApp	[main]	You are going to login page
INFO	2021-07-29 22:40:36,501	75298	BankApp	[main]	Welcome Ilakya, You logged in Successfully
INFO	2021-07-29 22:40:42,974	81771	UserImplementation	[main]	Your have deposited  Rs:10000 into your account number 79194 successfully
INFO	2021-07-29 22:42:04,109	162906	UserImplementation	[main]	Your have withdrawn  Rs: 100 successfully.
INFO	2021-07-29 22:42:20,724	179521	UserImplementation	[main]	Transfering Rs:1000to account Number :93378
INFO	2021-07-29 22:42:30,333	189130	BankApp	[main]	
Welcome to the HSKP Banking App
INFO	2021-07-29 22:42:31,619	190416	BankApp	[main]	You are going to login page
INFO	2021-07-29 22:42:46,791	0	BankApp	[main]	
Welcome to the HSKP Banking App
INFO	2021-07-29 22:42:48,158	1367	BankApp	[main]	You are going to login page
INFO	2021-07-29 22:43:04,844	18053	BankApp	[main]	
Welcome to the HSKP Banking App
INFO	2021-07-29 22:46:02,882	0	BankApp	[main]	
Welcome to the HSKP Banking App
INFO	2021-07-29 22:46:09,075	6193	BankApp	[main]	You are going to login page
INFO	2021-07-29 22:46:41,336	38454	BankApp	[main]	Welcome Kalai, You logged in Successfully
INFO	2021-07-29 22:46:48,237	45355	UserImplementation	[main]	Your have deposited  Rs:1000 into your account number 14856 successfully
INFO	2021-07-29 22:47:16,669	73787	UserImplementation	[main]	Transfering Rs:193to account Number :60460
INFO	2021-07-29 22:47:23,552	80670	BankApp	[main]	
Welcome to the HSKP Banking App
INFO	2021-07-29 22:47:24,930	82048	BankApp	[main]	You are going to login page
INFO	2021-07-29 22:47:54,274	111392	BankApp	[main]	
Welcome to the HSKP Banking App
INFO	2021-07-29 22:49:05,376	0	BankApp	[main]	
Welcome to the HSKP Banking App
INFO	2021-07-29 22:49:08,822	3446	BankApp	[main]	You are going to login page
INFO	2021-07-29 22:49:29,818	24442	BankApp	[main]	
Welcome to the HSKP Banking App
INFO	2021-07-29 22:54:44,958	0	BankApp	[main]	
Welcome to the HSKP Banking App
INFO	2021-07-29 22:56:04,144	0	BankApp	[main]	
Welcome to the HSKP Banking App
INFO	2021-07-29 22:56:10,766	6622	BankApp	[main]	You are going to login page
INFO	2021-07-29 22:56:22,267	18123	BankApp	[main]	
Welcome to the HSKP Banking App
INFO	2021-07-29 22:57:19,146	0	BankApp	[main]	
Welcome to the HSKP Banking App
INFO	2021-07-29 22:57:33,628	0	BankApp	[main]	
Welcome to the HSKP Banking App
INFO	2021-07-29 22:57:36,911	3283	BankApp	[main]	You are going to login page
INFO	2021-07-29 22:59:08,900	0	BankApp	[main]	
Welcome to the HSKP Banking App
INFO	2021-07-29 22:59:11,157	2257	BankApp	[main]	You are going to login page
INFO	2021-07-29 23:00:00,201	51301	BankApp	[main]	
Welcome to the HSKP Banking App
INFO	2021-07-29 23:13:25,229	0	BankApp	[main]	
Welcome to the HSKP Banking App
INFO	2021-07-29 23:14:13,979	0	BankApp	[main]	
Welcome to the HSKP Banking App
INFO	2021-07-29 23:14:58,141	0	BankApp	[main]	
Welcome to the HSKP Banking App
INFO	2021-07-29 23:16:28,033	0	BankApp	[main]	
Welcome to the HSKP Banking App
INFO	2021-07-29 23:16:32,755	4722	BankApp	[main]	You are going to create account
INFO	2021-07-29 23:16:54,824	26791	BankApp	[main]	
Welcome to the HSKP Banking App
INFO	2021-07-29 23:21:47,797	0	BankApp	[main]	
Welcome to the HSKP Banking App
INFO	2021-07-29 23:21:52,737	4940	BankApp	[main]	You are going to create account
INFO	2021-07-29 23:22:12,822	25025	BankApp	[main]	
Welcome to the HSKP Banking App
INFO	2021-07-29 23:22:17,175	29378	BankApp	[main]	You are going to login page
INFO	2021-07-29 23:22:22,252	34455	BankApp	[main]	
Welcome to the HSKP Banking App
INFO	2021-07-29 23:22:48,174	60377	BankApp	[main]	You are going to login page
INFO	2021-07-29 23:23:50,700	0	BankApp	[main]	
Welcome to the HSKP Banking App
INFO	2021-07-29 23:23:52,906	2206	BankApp	[main]	You are going to login page
INFO	2021-07-29 23:26:20,951	0	BankApp	[main]	
Welcome to the HSKP Banking App
INFO	2021-07-29 23:26:23,433	2482	BankApp	[main]	You are going to login page
INFO	2021-07-29 23:27:46,338	85387	BankApp	[main]	
Welcome to the HSKP Banking App
INFO	2021-07-29 23:27:53,476	92525	BankApp	[main]	You are going to login page
INFO	2021-07-29 23:27:57,965	97014	BankApp	[main]	
Welcome to the HSKP Banking App
INFO	2021-07-29 23:28:06,810	105859	BankApp	[main]	You are going to login page
INFO	2021-07-29 23:30:56,438	0	BankApp	[main]	
Welcome to the HSKP Banking App
INFO	2021-07-29 23:30:59,100	2662	BankApp	[main]	You are going to login page
INFO	2021-07-29 23:31:08,421	11983	BankApp	[main]	Invalid Login: Wrong account number or password
INFO	2021-07-29 23:31:08,421	11983	BankApp	[main]	
Welcome to the HSKP Banking App
INFO	2021-07-29 23:31:10,720	14282	BankApp	[main]	You are going to create account
INFO	2021-07-29 23:31:23,663	27225	UserImplementation	[main]	Your account with account Number : 43550 is created successfully.
INFO	2021-07-29 23:31:23,664	27226	BankApp	[main]	
Welcome to the HSKP Banking App
INFO	2021-07-29 23:31:31,754	35316	BankApp	[main]	You are going to login page
INFO	2021-07-29 23:31:42,766	46328	BankApp	[main]	Invalid Login: Wrong account number or password
INFO	2021-07-29 23:31:42,766	46328	BankApp	[main]	
Welcome to the HSKP Banking App
INFO	2021-07-29 23:31:50,997	54559	BankApp	[main]	You are going to create account
INFO	2021-07-29 23:32:04,890	68452	UserImplementation	[main]	Your account with account Number : 19185 is created successfully.
INFO	2021-07-29 23:32:04,890	68452	BankApp	[main]	
Welcome to the HSKP Banking App
INFO	2021-07-29 23:32:05,181	68743	BankApp	[main]	
Welcome to the HSKP Banking App
INFO	2021-07-29 23:32:13,818	77380	BankApp	[main]	You are going to login page
INFO	2021-07-29 23:32:21,992	85554	BankApp	[main]	Welcome 2341, You logged in Successfully
INFO	2021-07-29 23:32:24,416	87978	BankApp	[main]	You can view your account here
INFO	2021-07-29 23:32:26,859	90421	BankApp	[main]	Your Account Balance is  Rs:0
INFO	2021-07-29 23:32:35,558	99120	BankApp	[main]	Your account with accountnumber: 19185is updated successfully
INFO	2021-07-29 23:33:05,164	128726	UserImplementation	[main]	Your have deposited  Rs:100 into your account number 19185 successfully
INFO	2021-07-29 23:33:09,591	133153	UserImplementation	[main]	Your have withdrawn  Rs: 10 successfully.
INFO	2021-07-29 23:33:11,151	134713	BankApp	[main]	Your Account Balance is  Rs:90
INFO	2021-07-29 23:33:47,789	171351	UserImplementation	[main]	Transfering Rs:10to account Number :43550
INFO	2021-07-29 23:35:30,481	274043	BankApp	[main]	
Welcome to the HSKP Banking App
INFO	2021-07-29 23:35:33,513	277075	BankApp	[main]	
Welcome to the HSKP Banking App
INFO	2021-07-29 23:35:37,124	280686	BankApp	[main]	
Welcome to the HSKP Banking App
INFO	2021-07-29 23:36:02,408	305970	BankApp	[main]	You are going to login page
INFO	2021-07-29 23:36:09,399	312961	BankApp	[main]	
Welcome to the HSKP Banking App
INFO	2021-07-29 23:36:44,311	347873	BankApp	[main]	You are going to login page
INFO	2021-07-29 23:36:56,870	360432	BankApp	[main]	
Welcome to the HSKP Banking App
INFO	2021-07-29 23:37:01,497	365059	BankApp	[main]	
Welcome to the HSKP Banking App
INFO	2021-07-29 23:37:18,561	382123	BankApp	[main]	You are going to login page
INFO	2021-07-29 23:37:42,503	406065	BankApp	[main]	
Welcome to the HSKP Banking App
INFO	2021-07-29 23:37:58,630	422192	BankApp	[main]	You are going to login page
INFO	2021-07-29 23:38:06,521	0	BankApp	[main]	
Welcome to the HSKP Banking App
INFO	2021-07-29 23:38:07,781	1260	BankApp	[main]	You are going to login page
INFO	2021-07-29 23:43:59,866	0	BankApp	[main]	
Welcome to the HSKP Banking App
INFO	2021-07-29 23:44:02,066	2200	BankApp	[main]	You are going to create account
INFO	2021-07-29 23:44:12,805	12939	BankApp	[main]	
Welcome to the HSKP Banking App
INFO	2021-07-29 23:44:23,105	23239	BankApp	[main]	You are going to create account
INFO	2021-07-29 23:44:37,440	37574	BankApp	[main]	
Welcome to the HSKP Banking App
INFO	2021-07-29 23:44:44,022	44156	BankApp	[main]	You are going to login page
INFO	2021-07-29 23:57:55,177	0	BankApp	[main]	
Welcome to the HSKP Banking App
INFO	2021-07-29 23:57:58,448	3271	BankApp	[main]	You are going to create account
INFO	2021-07-29 23:58:22,190	27013	UserImplementation	[main]	Your have deposited  Rs:500 into your account number 36522 successfully
INFO	2021-07-29 23:58:22,194	27017	BankApp	[main]	Your account with account Number : 36522 is created successfully.
INFO	2021-07-29 23:58:22,194	27017	BankApp	[main]	
Welcome to the HSKP Banking App
INFO	2021-07-30 00:00:44,261	0	BankApp	[main]	
Welcome to the HSKP Banking App
INFO	2021-07-30 00:00:48,604	4343	BankApp	[main]	You are going to login page
INFO	2021-07-30 00:03:59,526	0	UserImplementation	[main]	Your account with account Number : -1 is successfully deleted.
INFO	2021-07-30 00:03:59,709	183	UserImplementation	[main]	Your account with account Number : -1 is successfully deleted.
INFO	2021-07-30 00:03:59,885	359	UserImplementation	[main]	Your account with account Number : -1 is successfully deleted.
INFO	2021-07-30 00:04:13,388	0	UserImplementation	[main]	Your account with account Number : 1 is successfully deleted.
INFO	2021-07-30 00:04:13,389	1	UserImplementation	[main]	Your account with account Number : 2 is successfully deleted.
INFO	2021-07-30 00:04:13,493	105	UserImplementation	[main]	Transfering Rs:100to account Number :2
INFO	2021-07-30 00:04:13,520	132	UserImplementation	[main]	Your account with account Number : 2 is successfully deleted.
INFO	2021-07-30 00:04:13,640	252	UserImplementation	[main]	Your account with account Number : -99 is successfully deleted.
INFO	2021-07-30 00:04:13,839	451	UserImplementation	[main]	Your have deposited  Rs:50 into your account number -99 successfully
INFO	2021-07-30 00:09:06,375	0	UserImplementation	[main]	Transfering Rs:100to account Number :2
INFO	2021-07-30 00:09:06,535	160	UserImplementation	[main]	Your account with account Number : -99 is successfully deleted.
INFO	2021-07-30 00:09:06,735	360	UserImplementation	[main]	Your have deposited  Rs:50 into your account number -99 successfully
INFO	2021-07-30 00:09:06,739	364	UserImplementation	[main]	Your account with account Number : -99 is successfully deleted.
INFO	2021-07-30 00:09:06,840	465	UserImplementation	[main]	Your have withdrawn  Rs: 50 successfully.
INFO	2021-07-30 00:09:06,843	468	UserImplementation	[main]	Your account with account Number : -99 is successfully deleted.
INFO	2021-07-30 00:09:06,843	468	UserImplementation	[main]	Your account with account Number : -99 is successfully deleted.
INFO	2021-07-30 00:09:19,345	0	UserImplementation	[main]	Transfering Rs:100to account Number :2
INFO	2021-07-30 00:09:19,472	127	UserImplementation	[main]	Your account with account Number : -99 is successfully deleted.
INFO	2021-07-30 00:09:19,664	319	UserImplementation	[main]	Your have deposited  Rs:50 into your account number -99 successfully
INFO	2021-07-30 00:09:19,668	323	UserImplementation	[main]	Your account with account Number : -99 is successfully deleted.
INFO	2021-07-30 00:09:19,771	426	UserImplementation	[main]	Your have withdrawn  Rs: 50 successfully.
INFO	2021-07-30 00:09:19,774	429	UserImplementation	[main]	Your account with account Number : -99 is successfully deleted.
INFO	2021-07-30 00:09:44,349	0	UserImplementation	[main]	Transfering Rs:100to account Number :2
INFO	2021-07-30 00:09:44,493	144	UserImplementation	[main]	Your account with account Number : -99 is successfully deleted.
INFO	2021-07-30 00:09:44,691	342	UserImplementation	[main]	Your have deposited  Rs:50 into your account number -99 successfully
INFO	2021-07-30 00:09:44,695	346	UserImplementation	[main]	Your account with account Number : -99 is successfully deleted.
INFO	2021-07-30 00:09:44,799	450	UserImplementation	[main]	Your have withdrawn  Rs: 50 successfully.
INFO	2021-07-30 00:09:44,803	454	UserImplementation	[main]	Your account with account Number : -99 is successfully deleted.
INFO	2021-07-30 00:10:18,034	0	UserImplementation	[main]	Your account with account Number : -99 is successfully deleted.
INFO	2021-07-30 00:10:18,259	225	UserImplementation	[main]	Your have deposited  Rs:50 into your account number -99 successfully
INFO	2021-07-30 00:10:18,263	229	UserImplementation	[main]	Your account with account Number : -99 is successfully deleted.
INFO	2021-07-30 00:10:18,374	340	UserImplementation	[main]	Your have withdrawn  Rs: 50 successfully.
INFO	2021-07-30 00:10:18,377	343	UserImplementation	[main]	Your account with account Number : -99 is successfully deleted.
INFO	2021-07-30 00:12:00,657	0	UserImplementation	[main]	Your account with account Number : 1 is successfully deleted.
INFO	2021-07-30 00:12:00,658	1	UserImplementation	[main]	Your account with account Number : 2 is successfully deleted.
INFO	2021-07-30 00:12:00,768	111	UserImplementation	[main]	Transfering Rs:100to account Number :2
INFO	2021-07-30 00:12:00,775	118	UserImplementation	[main]	Your account with account Number : 1 is successfully deleted.
INFO	2021-07-30 00:12:00,776	119	UserImplementation	[main]	Your account with account Number : 2 is successfully deleted.
INFO	2021-07-30 00:12:00,895	238	UserImplementation	[main]	Your account with account Number : -99 is successfully deleted.
INFO	2021-07-30 00:12:01,095	438	UserImplementation	[main]	Your have deposited  Rs:50 into your account number -99 successfully
INFO	2021-07-30 00:12:01,098	441	UserImplementation	[main]	Your account with account Number : -99 is successfully deleted.
INFO	2021-07-30 00:12:01,196	539	UserImplementation	[main]	Your have withdrawn  Rs: 50 successfully.
INFO	2021-07-30 00:12:01,199	542	UserImplementation	[main]	Your account with account Number : -99 is successfully deleted.
INFO	2021-07-30 09:51:56,905	0	UserImplementation	[main]	Your account with account Number : 1 is successfully deleted.
INFO	2021-07-30 09:51:56,910	5	UserImplementation	[main]	Your account with account Number : 2 is successfully deleted.
INFO	2021-07-30 09:51:57,229	324	UserImplementation	[main]	Transfering Rs:100to account Number :2
INFO	2021-07-30 09:51:57,241	336	UserImplementation	[main]	Your account with account Number : 1 is successfully deleted.
INFO	2021-07-30 09:51:57,243	338	UserImplementation	[main]	Your account with account Number : 2 is successfully deleted.
INFO	2021-07-30 09:51:57,608	703	UserImplementation	[main]	Your account with account Number : -99 is successfully deleted.
INFO	2021-07-30 09:51:58,026	1121	UserImplementation	[main]	Your have deposited  Rs:50 into your account number -99 successfully
INFO	2021-07-30 09:51:58,031	1126	UserImplementation	[main]	Your account with account Number : -99 is successfully deleted.
INFO	2021-07-30 09:51:58,335	1430	UserImplementation	[main]	Your have withdrawn  Rs: 50 successfully.
INFO	2021-07-30 09:51:58,341	1436	UserImplementation	[main]	Your account with account Number : -99 is successfully deleted.
INFO	2021-07-30 09:52:11,170	0	UserImplementation	[main]	Your account with account Number : -1 is successfully deleted.
INFO	2021-07-30 09:52:11,429	259	UserImplementation	[main]	Your account with account Number : -1 is successfully deleted.
INFO	2021-07-30 09:52:11,640	470	UserImplementation	[main]	Your account with account Number : -1 is successfully deleted.
INFO	2021-07-30 09:52:18,930	0	UserImplementation	[main]	Your account with account Number : -1 is successfully deleted.
INFO	2021-07-30 09:52:19,167	237	UserImplementation	[main]	Your account with account Number : -1 is successfully deleted.
INFO	2021-07-30 09:52:19,451	521	UserImplementation	[main]	Your account with account Number : -1 is successfully deleted.
INFO	2021-07-30 09:55:43,856	0	BankApp	[main]	
Welcome to the HSKP Banking App
INFO	2021-07-30 09:55:54,055	10199	BankApp	[main]	You are going to login page
INFO	2021-07-30 09:56:04,568	20712	BankApp	[main]	Invalid Login: Wrong account number or password
INFO	2021-07-30 09:56:04,568	20712	BankApp	[main]	
Welcome to the HSKP Banking App
INFO	2021-07-30 09:57:59,669	0	BankApp	[main]	
Welcome to the HSKP Banking App
INFO	2021-07-30 09:58:02,985	3316	BankApp	[main]	
Welcome to the HSKP Banking App
INFO	2021-07-30 09:59:44,336	104667	BankApp	[main]	
Welcome to the HSKP Banking App
INFO	2021-07-30 09:59:49,308	0	BankApp	[main]	
Welcome to the HSKP Banking App
INFO	2021-07-30 09:59:50,935	1627	BankApp	[main]	
Welcome to the HSKP Banking App
INFO	2021-07-30 10:00:25,413	0	BankApp	[main]	
Welcome to the HSKP Banking App
INFO	2021-07-30 10:00:28,499	3086	BankApp	[main]	
Welcome to the HSKP Banking App
INFO	2021-07-30 10:00:33,921	8508	BankApp	[main]	You are going to create account
INFO	2021-07-30 10:01:28,407	0	BankApp	[main]	
Welcome to the HSKP Banking App
INFO	2021-07-30 10:01:32,635	4228	BankApp	[main]	
You are going to create account
INFO	2021-07-30 13:26:40,612	0	BankApp	[main]	
Welcome to the HSKP Banking App
INFO	2021-07-30 13:26:42,025	1413	BankApp	[main]	
You are going to login page
INFO	2021-07-30 13:26:47,449	6837	BankApp	[main]	
Welcome to the HSKP Banking App
INFO	2021-07-30 13:26:49,820	9208	BankApp	[main]	
You are going to login page
INFO	2021-07-30 13:28:59,830	139218	BankApp	[main]	
Welcome to the HSKP Banking App
INFO	2021-07-30 13:29:03,712	0	BankApp	[main]	
Welcome to the HSKP Banking App
INFO	2021-07-30 13:29:06,478	2766	BankApp	[main]	
You are going to login page
INFO	2021-07-30 13:29:16,538	12826	BankApp	[main]	Invalid Login: Wrong account number or password
INFO	2021-07-30 13:29:16,538	12826	BankApp	[main]	
Welcome to the HSKP Banking App
INFO	2021-07-30 13:29:18,390	14678	BankApp	[main]	
You are going to login page
INFO	2021-07-30 13:29:29,169	25457	BankApp	[main]	Welcome Ashiba, You logged in Successfully
INFO	2021-07-30 13:29:33,360	29648	UserImplementation	[main]	Your have deposited  Rs:90024 into your account number 60460 successfully
INFO	2021-07-30 13:29:36,832	33120	UserImplementation	[main]	Your have withdrawn  Rs: 109 successfully.
INFO	2021-07-30 13:29:52,347	48635	UserImplementation	[main]	Transfering Rs:8384to account Number :14856
INFO	2021-07-30 13:29:56,460	52748	BankApp	[main]	
Welcome to the HSKP Banking App
INFO	2021-07-30 13:29:57,661	53949	BankApp	[main]	
You are going to login page
INFO	2021-07-30 14:55:31,082	0	BankApp	[main]	
Welcome to the HSKP Banking App
INFO	2021-07-30 14:55:38,303	7221	BankApp	[main]	
You are going to create account
INFO	2021-07-30 14:56:16,319	45237	UserImplementation	[main]	Your have deposited  Rs:500 into your account number 17759 successfully
INFO	2021-07-30 14:56:16,323	45241	BankApp	[main]	Your account with account Number : 17759 is created successfully.
INFO	2021-07-30 14:56:16,323	45241	BankApp	[main]	
Welcome to the HSKP Banking App
INFO	2021-07-30 14:56:21,888	50806	BankApp	[main]	
You are going to login page
INFO	2021-07-30 14:56:32,550	61468	BankApp	[main]	Invalid Login: Wrong account number or password
INFO	2021-07-30 14:56:32,550	61468	BankApp	[main]	
Welcome to the HSKP Banking App
INFO	2021-07-30 14:56:38,130	67048	BankApp	[main]	
You are going to login page
INFO	2021-07-30 14:56:59,203	88121	BankApp	[main]	Welcome Haritha, You logged in Successfully
INFO	2021-07-30 14:57:03,750	92668	BankApp	[main]	You can view your account here
INFO	2021-07-30 14:57:06,126	95044	BankApp	[main]	Your Account Balance is  Rs:500
INFO	2021-07-30 14:57:30,886	119804	BankApp	[main]	Your account with accountnumber: 17759is updated successfully
WARN	2021-07-30 14:57:45,690	134608	BankApp	[main]	Your balance is Insufficient.
INFO	2021-07-30 14:57:57,365	0	BankApp	[main]	
Welcome to the HSKP Banking App
INFO	2021-07-30 14:57:59,761	2396	BankApp	[main]	
You are going to login page
INFO	2021-07-30 14:58:06,300	8935	BankApp	[main]	Welcome Haritha, You logged in Successfully
INFO	2021-07-30 14:58:10,637	13272	UserImplementation	[main]	Your have deposited  Rs:10000 into your account number 17759 successfully
INFO	2021-07-30 14:58:17,673	20308	UserImplementation	[main]	Your have withdrawn  Rs: 900 successfully.
INFO	2021-07-30 14:58:28,769	31404	UserImplementation	[main]	Transfering Rs:100to account Number :78364
INFO	2021-07-30 14:58:31,224	33859	BankApp	[main]	Your Account Balance is  Rs:9500
INFO	2021-07-30 14:59:06,129	0	UserImplementation	[main]	Your account with account Number : 1 is successfully deleted.
INFO	2021-07-30 14:59:06,130	1	UserImplementation	[main]	Your account with account Number : 2 is successfully deleted.
INFO	2021-07-30 14:59:06,284	155	UserImplementation	[main]	Transfering Rs:100to account Number :2
INFO	2021-07-30 14:59:06,289	160	UserImplementation	[main]	Your account with account Number : 1 is successfully deleted.
INFO	2021-07-30 14:59:06,289	160	UserImplementation	[main]	Your account with account Number : 2 is successfully deleted.
INFO	2021-07-30 14:59:06,425	296	UserImplementation	[main]	Your account with account Number : -99 is successfully deleted.
INFO	2021-07-30 14:59:06,705	576	UserImplementation	[main]	Your have deposited  Rs:50 into your account number -99 successfully
INFO	2021-07-30 14:59:06,712	583	UserImplementation	[main]	Your account with account Number : -99 is successfully deleted.
INFO	2021-07-30 14:59:06,850	721	UserImplementation	[main]	Your have withdrawn  Rs: 50 successfully.
INFO	2021-07-30 14:59:06,855	726	UserImplementation	[main]	Your account with account Number : -99 is successfully deleted.
INFO	2021-07-30 14:59:35,892	0	UserImplementation	[main]	Your account with account Number : -1 is successfully deleted.
INFO	2021-07-30 14:59:36,090	198	UserImplementation	[main]	Your account with account Number : -1 is successfully deleted.
INFO	2021-07-30 14:59:36,292	400	UserImplementation	[main]	Your account with account Number : -1 is successfully deleted.
INFO	2021-07-30 15:13:49,017	0	BankApp	[main]	
Welcome to the HSKP Banking App
INFO	2021-07-30 15:15:01,373	72356	BankApp	[main]	
You are going to create account
INFO	2021-07-30 15:15:12,576	83559	UserImplementation	[main]	Your have deposited  Rs:1 into your account number 55282 successfully
INFO	2021-07-30 15:15:12,581	83564	BankApp	[main]	Your account with account Number : 55282 is created successfully.
INFO	2021-07-30 15:15:12,581	83564	BankApp	[main]	
Welcome to the HSKP Banking App
INFO	2021-07-30 15:15:20,219	91202	BankApp	[main]	
You are going to create account
INFO	2021-08-02 20:57:57,221	0	BankApp	[main]	
Welcome to the HSKP Banking App
INFO	2021-08-02 20:58:02,764	5543	BankApp	[main]	
You are going to create account
INFO	2021-08-02 20:58:21,881	24660	BankApp	[main]	
Welcome to the HSKP Banking App
INFO	2021-08-06 13:10:31,673	0	BankApp	[main]	
Welcome to the HSKP Banking App
INFO	2021-08-06 13:10:34,854	3181	BankApp	[main]	
You are going to create account
INFO	2021-08-06 13:10:52,297	20624	BankApp	[main]	
Welcome to the HSKP Banking App
